<?xml version="1.0" encoding="utf-8"?>
<test-run id="2" name="MarstonRecovery.Tests.dll" fullname="C:/Users/Sriganth.M/MarstonRecovery.Playwright/TestRunner/bin/Debug/net8.0/MarstonRecovery.Tests.dll" testcasecount="2" result="Passed" start-time="2026-05-17T06:16:22.9504415Z" end-time="2026-05-17T06:18:50.2448849Z" duration="147.290228" total="2" passed="2" failed="0" inconclusive="0" skipped="0" warnings="0" asserts="9" random-seed="720136760">
  <command-line><![CDATA[C:\Users\Sriganth.M\MarstonRecovery.Playwright\TestRunner\bin\Debug\net8.0\TestRunner.dll]]></command-line>
  <filter />
  <test-suite type="Assembly" id="1004" name="MarstonRecovery.Tests.dll" fullname="C:/Users/Sriganth.M/MarstonRecovery.Playwright/TestRunner/bin/Debug/net8.0/MarstonRecovery.Tests.dll" runstate="Runnable" testcasecount="2" result="Passed" start-time="2026-05-17T06:16:22.9504415Z" end-time="2026-05-17T06:18:50.2448849Z" duration="147.290228" total="2" passed="2" failed="0" warnings="0" inconclusive="0" skipped="0" asserts="9">
    <environment framework-version="3.13.3.0" clr-version="8.0.17" os-version="Microsoft Windows 10.0.26200" platform="Win32NT" cwd="C:\Users\Sriganth.M\MarstonRecovery.Playwright\MarstonRecovery.Tests" machine-name="LV-LAP-226" user="Sriganth.M" user-domain="LOGICVALLEY" culture="en-IN" uiculture="en-US" os-architecture="x64" />
    <settings>
      <setting name="WorkDirectory" value="C:\Users\Sriganth.M\MarstonRecovery.Playwright\MarstonRecovery.Tests" />
      <setting name="NumberOfTestWorkers" value="12" />
    </settings>
    <properties>
      <property name="_PID" value="36800" />
      <property name="_APPDOMAIN" value="TestRunner" />
    </properties>
    <test-suite type="TestSuite" id="1005" name="MarstonRecovery" fullname="MarstonRecovery" runstate="Runnable" testcasecount="2" result="Passed" start-time="2026-05-17T06:16:22.9565814Z" end-time="2026-05-17T06:18:50.2448810Z" duration="147.284116" total="2" passed="2" failed="0" warnings="0" inconclusive="0" skipped="0" asserts="9">
      <test-suite type="TestSuite" id="1006" name="Tests" fullname="MarstonRecovery.Tests" runstate="Runnable" testcasecount="2" result="Passed" start-time="2026-05-17T06:16:22.9571520Z" end-time="2026-05-17T06:18:50.2448783Z" duration="147.283543" total="2" passed="2" failed="0" warnings="0" inconclusive="0" skipped="0" asserts="9">
        <test-suite type="TestFixture" id="1000" name="MarstonRecoveryTests" fullname="MarstonRecovery.Tests.MarstonRecoveryTests" classname="MarstonRecovery.Tests.MarstonRecoveryTests" runstate="Runnable" testcasecount="1" result="Passed" start-time="2026-05-17T06:16:22.9583123Z" end-time="2026-05-17T06:18:50.2387133Z" duration="147.276219" total="1" passed="1" failed="0" warnings="0" inconclusive="0" skipped="0" asserts="9">
          <test-case id="1001" name="EndToEndFlow" fullname="MarstonRecovery.Tests.MarstonRecoveryTests.EndToEndFlow" methodname="EndToEndFlow" classname="MarstonRecovery.Tests.MarstonRecoveryTests" runstate="Runnable" seed="817033719" result="Passed" start-time="2026-05-17T06:16:22.9600152Z" end-time="2026-05-17T06:18:50.2365760Z" duration="147.272482" asserts="9">
            <output><![CDATA[[INFO] [11:46:22] Test Setup: starting Playwright
[INFO] [11:46:25] Test Setup: browser/context/page ready
[INFO] [11:46:25] Opening website
[INFO] [11:46:35] Clicked dsccChatWidget to open chat widget.
[INFO] [11:46:35] Chat frame URL detected in page frames.
[INFO] [11:46:35] Page frames count=5
[INFO] [11:46:35] frame[0] url=https://marstonholdings.co.uk/marston-recovery/
[INFO] [11:46:35] frame[1] url=about:srcdoc
[INFO] [11:46:35] frame[2] url=about:srcdoc
[INFO] [11:46:35] frame[3] url=about:blank
[INFO] [11:46:35] frame[4] url=https://cai-chatbot-ui-preprod.azurewebsites.net/Chat/Website/
[INFO] [11:46:35] Resolved chat frame url=https://cai-chatbot-ui-preprod.azurewebsites.net/Chat/Website/ childFrames=0
[INFO] [11:46:35] Chat widget loaded
[INFO] [11:46:38] Frame chat selector counts: button=0, img=1
[INFO] [11:46:38] Chat open candidates visible: widget=False, container=True, icon=True, newBtn=False
[INFO] [11:46:39] Clicked visible chat profile container inside the chat frame.
[INFO] [11:46:39] Chat opened
[INFO] [11:46:39] chat-popup count=1
[INFO] [11:46:39] chat-popup hidden=False display=flex
[INFO] [11:46:39] chat-popup is visible
[INFO] [11:46:39] Setup payment plan locator count=1
[INFO] [11:46:39] Setup payment plan outerHTML=<div class="home-card" data-action="3" data-text="Setup a payment plan">
            <div class="icon-circle icon-plan">
                <span class="material-symbols-outlined">calendar_month</span>
            </div>
            <span class="option-text">Setup a payment plan</span>
            <span class="arrow-icon">›</span>
        </div>
[INFO] [11:46:40] Clicked Setup Payment Plan
[INFO] [11:46:42] Clicked Enter Details
[INFO] [11:46:45] Attempting to click country dropdown
[INFO] [11:46:46] Force click failed, trying JS click
[INFO] [11:46:46] Clicked country dropdown via JavaScript
[INFO] [11:48:48] Failed to click India via UI, using JavaScript fallback
[INFO] [11:48:48] India selected via JavaScript
[INFO] [11:48:48] Country selection completed
[INFO] [11:48:48] Attempting to fill phone number
[INFO] [11:48:49] Phone number filled directly: 6380760598
[INFO] [11:48:49] Submitted customer details
[INFO] [11:48:49] Message sent: M725826
[INFO] [11:48:49] Message sent: test
[INFO] [11:48:49] Test TearDown: closing browser
[INFO] [11:48:50] Test TearDown: resources disposed
]]></output>
          </test-case>
        </test-suite>
        <test-suite type="TestFixture" id="1002" name="Tests" fullname="MarstonRecovery.Tests.Tests" classname="MarstonRecovery.Tests.Tests" runstate="Runnable" testcasecount="1" result="Passed" start-time="2026-05-17T06:18:50.2393799Z" end-time="2026-05-17T06:18:50.2448702Z" duration="0.005490" total="1" passed="1" failed="0" warnings="0" inconclusive="0" skipped="0" asserts="0">
          <test-case id="1003" name="Test1" fullname="MarstonRecovery.Tests.Tests.Test1" methodname="Test1" classname="MarstonRecovery.Tests.Tests" runstate="Runnable" seed="1006270526" result="Passed" start-time="2026-05-17T06:18:50.2394619Z" end-time="2026-05-17T06:18:50.2448207Z" duration="0.005359" asserts="0" />
        </test-suite>
      </test-suite>
    </test-suite>
  </test-suite>
</test-run>